[2026-06-08 05:58:31] SYSTEM START: Modular Shield Anti-Ransomware Core initialized.
[2026-06-08 05:58:38] AUTH SUCCESS: Administrator authorized via Master Key.
[2026-06-08 05:58:53] SYSTEM START: Modular Shield Anti-Ransomware Core initialized.
[2026-06-08 05:58:59] AUTH SUCCESS: Administrator authorized via Master Key.
[2026-06-08 06:00:43] INTEGRITY: Existing directory assets baselined and backed up successfully.
[2026-06-08 06:01:59] INTEGRITY: Existing directory assets baselined and backed up successfully.
[2026-06-08 06:01:59] SYSTEM START: Modular Core Framework loaded successfully.
[2026-06-08 06:02:04] AUTH SUCCESS: Master login signature key validated.
[2026-06-08 06:02:20] INTEGRITY: Existing directory assets baselined and backed up successfully.
[2026-06-08 06:02:20] SYSTEM START: Modular Core Framework loaded successfully.
[2026-06-08 06:02:25] AUTH SUCCESS: Master login signature key validated.
[2026-06-08 06:02:39] [VAULT] Asset secured and dual-layered: ASSIGNMENT DAA.pdf
[2026-06-08 06:02:40] [⚠️ INTERFACE] User operational notice: No file asset selected for viewing.
[2026-06-08 06:02:45] [SYSTEM] Authorized execution: Sandbox viewing requested for: asset_....jpg
[2026-06-08 06:02:54] INTEGRITY: Existing directory assets baselined and backed up successfully.
[2026-06-08 06:02:54] SYSTEM START: Modular Core Framework loaded successfully.
[2026-06-08 06:02:59] AUTH SUCCESS: Master login signature key validated.
[2026-06-08 06:04:51] INTEGRITY: Existing directory assets baselined and backed up successfully.
[2026-06-08 06:04:56] AUTH SUCCESS: Master login signature key validated.
[2026-06-08 06:05:10] [SYSTEM] Authorized execution: Sandbox viewing requested for: ooppresentation.pptx
[2026-06-08 06:05:17] INTEGRITY: Existing directory assets baselined and backed up successfully.
[2026-06-08 06:05:21] AUTH SUCCESS: Master login signature key validated.
[2026-06-08 06:14:00] INTEGRITY: Existing directory assets baselined and backed up successfully.
[2026-06-08 06:14:05] AUTH SUCCESS: Master login signature key validated.
[2026-06-08 06:15:25] [NET] Incoming connection session established from Kali Host: 192.168.18.32
[2026-06-08 06:15:25] 🚨 [KALI NETWORK] Critical Signal: Mass Ransomware Attack Command Received!
[2026-06-08 06:15:34] [SYSTEM] Cryptographic Recovery Protocol triggered by operator.
[2026-06-08 06:15:35] [SUCCESS] Cryptographic Repair Complete. All file layers restored!
[2026-06-08 06:15:45] [SYSTEM] Authorized execution: Sandbox viewing requested for: ooppresentation.pptx
[2026-06-08 06:15:49] [SYSTEM] Authorized execution: Sandbox viewing requested for: asset_....jpg
[2026-06-08 06:19:12] INTEGRITY: Existing directory assets baselined and backed up successfully.
[2026-06-08 06:19:19] SESSION INITIALIZED: Security operational authorization valid.
[2026-06-08 06:20:52] INTEGRITY: Existing directory assets baselined and backed up successfully.
[2026-06-08 06:21:02] SESSION INITIALIZED: Security operational authorization valid.
[2026-06-08 07:28:33] INTEGRITY: Existing directory assets baselined and backed up successfully.
[2026-06-08 07:29:43] SESSION INITIALIZED: Security operational authorization valid.
[2026-06-08 07:32:32] INTEGRITY: Existing directory assets baselined and backed up successfully.
[2026-06-08 07:32:39] SESSION INITIALIZED: Security operational authorization valid.
[2026-06-08 07:36:34] [NET] Incoming connection session established from Kali Host: 192.168.18.32
[2026-06-08 07:36:34] 🚨 [KALI NETWORK] Critical Signal: Mass Ransomware Attack Command Received!
[2026-06-08 07:37:44] [SYSTEM] Initializing Master Cryptographic Rollback Protocol...
[2026-06-08 07:37:45] [SUCCESS] Decryption array deployed! All sector data anomalies repaired.



[2026-06-08 19:33:39] INTEGRITY: Existing directory assets baselined and backed up successfully.
[2026-06-08 19:33:51] INCIDENT REPORT: Unauthorized perimeter penetration attempt detected.
[2026-06-08 19:33:57] SESSION INITIALIZED: Security operational authorization valid.
[2026-06-08 19:35:21] [VAULT] New data node sealed and mirrored: important_contract.txt
[2026-06-08 19:37:20] INTEGRITY: Existing directory assets baselined and backed up successfully.
[2026-06-08 19:38:00] SESSION INITIALIZED: Security operational authorization valid.
[2026-06-08 19:41:04] [NET] Incoming connection session established from Kali Host: 10.50.199.174
[2026-06-08 19:41:04] 🚨 [KALI NETWORK] Critical Signal: Mass Ransomware Attack Command Received!
